[0.009s] Invoking command in '/home/azharanas17/setunggal_ws/build/first_pubsub': AMENT_PREFIX_PATH=/home/azharanas17/setunggal_ws/install/first_interfaces:${AMENT_PREFIX_PATH} CMAKE_PREFIX_PATH=/home/azharanas17/setunggal_ws/install/first_interfaces:/opt/ros/foxy LD_LIBRARY_PATH=/home/azharanas17/setunggal_ws/install/first_interfaces/lib:${LD_LIBRARY_PATH} PYTHONPATH=/home/azharanas17/setunggal_ws/install/first_interfaces/lib/python3.8/site-packages:${PYTHONPATH} /usr/bin/cmake --build /home/azharanas17/setunggal_ws/build/first_pubsub -- -j4 -l4
[0.071s] [35m[1mScanning dependencies of target first_pubsub[0m
[0.092s] [ 33%] [32mBuilding CXX object CMakeFiles/first_pubsub.dir/src/logger_node.cpp.o[0m
[1.359s] [01m[K/home/azharanas17/setunggal_ws/src/first_pubsub/src/logger_node.cpp:33:5:[m[K [01;31m[Kerror: [m[Kâ€˜[01m[KLogger[m[Kâ€™ does not name a type; did you mean â€˜[01m[KLoggerNode[m[Kâ€™?
[1.359s]    33 |     [01;31m[KLogger[m[K logger;
[1.359s]       |     [01;31m[K^~~~~~[m[K
[1.359s]       |     [32m[KLoggerNode[m[K
[1.380s] [01m[K/home/azharanas17/setunggal_ws/src/first_pubsub/src/logger_node.cpp:[m[K In constructor â€˜[01m[KLoggerNode::LoggerNode()[m[Kâ€™:
[1.380s] [01m[K/home/azharanas17/setunggal_ws/src/first_pubsub/src/logger_node.cpp:23:9:[m[K [01;31m[Kerror: [m[Kâ€˜[01m[Klogger[m[Kâ€™ was not declared in this scope
[1.380s]    23 |         [01;31m[Klogger[m[K = Logger();
[1.380s]       |         [01;31m[K^~~~~~[m[K
[1.380s] [01m[K/home/azharanas17/setunggal_ws/src/first_pubsub/src/logger_node.cpp:23:18:[m[K [01;31m[Kerror: [m[Kâ€˜[01m[KLogger[m[Kâ€™ was not declared in this scope; did you mean â€˜[01m[Krclcpp::Logger[m[Kâ€™?
[1.380s]    23 |         logger = [01;31m[KLogger[m[K();
[1.380s]       |                  [01;31m[K^~~~~~[m[K
[1.380s]       |                  [32m[Krclcpp::Logger[m[K
[1.380s] In file included from [01m[K/opt/ros/foxy/include/rclcpp/logging.hpp:23[m[K,
[1.380s]                  from [01m[K/opt/ros/foxy/include/rclcpp/service.hpp:34[m[K,
[1.380s]                  from [01m[K/opt/ros/foxy/include/rclcpp/callback_group.hpp:25[m[K,
[1.380s]                  from [01m[K/opt/ros/foxy/include/rclcpp/any_executable.hpp:20[m[K,
[1.380s]                  from [01m[K/opt/ros/foxy/include/rclcpp/memory_strategy.hpp:24[m[K,
[1.380s]                  from [01m[K/opt/ros/foxy/include/rclcpp/memory_strategies.hpp:18[m[K,
[1.380s]                  from [01m[K/opt/ros/foxy/include/rclcpp/executor_options.hpp:20[m[K,
[1.380s]                  from [01m[K/opt/ros/foxy/include/rclcpp/executor.hpp:33[m[K,
[1.381s]                  from [01m[K/opt/ros/foxy/include/rclcpp/executors/multi_threaded_executor.hpp:26[m[K,
[1.381s]                  from [01m[K/opt/ros/foxy/include/rclcpp/executors.hpp:21[m[K,
[1.381s]                  from [01m[K/opt/ros/foxy/include/rclcpp/rclcpp.hpp:146[m[K,
[1.381s]                  from [01m[K/home/azharanas17/setunggal_ws/src/first_pubsub/src/logger_node.cpp:6[m[K:
[1.381s] [01m[K/opt/ros/foxy/include/rclcpp/logger.hpp:77:7:[m[K [01;36m[Knote: [m[Kâ€˜[01m[Krclcpp::Logger[m[Kâ€™ declared here
[1.381s]    77 | class [01;36m[KLogger[m[K
[1.381s]       |       [01;36m[K^~~~~~[m[K
[2.604s] make[2]: *** [CMakeFiles/first_pubsub.dir/build.make:63: CMakeFiles/first_pubsub.dir/src/logger_node.cpp.o] Error 1
[2.604s] make[1]: *** [CMakeFiles/Makefile2:78: CMakeFiles/first_pubsub.dir/all] Error 2
[2.604s] make: *** [Makefile:141: all] Error 2
[2.606s] Invoked command in '/home/azharanas17/setunggal_ws/build/first_pubsub' returned '2': AMENT_PREFIX_PATH=/home/azharanas17/setunggal_ws/install/first_interfaces:${AMENT_PREFIX_PATH} CMAKE_PREFIX_PATH=/home/azharanas17/setunggal_ws/install/first_interfaces:/opt/ros/foxy LD_LIBRARY_PATH=/home/azharanas17/setunggal_ws/install/first_interfaces/lib:${LD_LIBRARY_PATH} PYTHONPATH=/home/azharanas17/setunggal_ws/install/first_interfaces/lib/python3.8/site-packages:${PYTHONPATH} /usr/bin/cmake --build /home/azharanas17/setunggal_ws/build/first_pubsub -- -j4 -l4
