[0.009s] Invoking command in '/home/azharanas17/setunggal_ws/build/first_pubsub': AMENT_PREFIX_PATH=/home/azharanas17/setunggal_ws/install/first_interfaces:${AMENT_PREFIX_PATH} CMAKE_PREFIX_PATH=/home/azharanas17/setunggal_ws/install/first_interfaces:/opt/ros/foxy LD_LIBRARY_PATH=/home/azharanas17/setunggal_ws/install/first_interfaces/lib:${LD_LIBRARY_PATH} PYTHONPATH=/home/azharanas17/setunggal_ws/install/first_interfaces/lib/python3.8/site-packages:${PYTHONPATH} /usr/bin/cmake --build /home/azharanas17/setunggal_ws/build/first_pubsub -- -j4 -l4
[0.046s] [35m[1mScanning dependencies of target first_pubsub[0m
[0.070s] [ 33%] [32mBuilding CXX object CMakeFiles/first_pubsub.dir/src/logger_node.cpp.o[0m
[0.070s] [ 66%] [32mBuilding CXX object CMakeFiles/first_pubsub.dir/src/logger.cpp.o[0m
[1.301s] In file included from [01m[K/home/azharanas17/setunggal_ws/src/first_pubsub/src/logger_node.cpp:9[m[K:
[1.301s] [01m[K/home/azharanas17/setunggal_ws/src/first_pubsub/include/first_pubsub/logger_node.hpp:16:5:[m[K [01;31m[Kerror: [m[Kâ€˜[01m[KLogger[m[Kâ€™ does not name a type; did you mean â€˜[01m[KLoggerNode[m[Kâ€™?
[1.301s]    16 |     [01;31m[KLogger[m[K logger;
[1.301s]       |     [01;31m[K^~~~~~[m[K
[1.301s]       |     [32m[KLoggerNode[m[K
[1.313s] [01m[K/home/azharanas17/setunggal_ws/src/first_pubsub/src/logger_node.cpp:13:7:[m[K [01;31m[Kerror: [m[Kredefinition of â€˜[01m[Kclass LoggerNode[m[Kâ€™
[1.313s]    13 | class [01;31m[KLoggerNode[m[K : public rclcpp::Node
[1.314s]       |       [01;31m[K^~~~~~~~~~[m[K
[1.314s] In file included from [01m[K/home/azharanas17/setunggal_ws/src/first_pubsub/src/logger_node.cpp:9[m[K:
[1.314s] [01m[K/home/azharanas17/setunggal_ws/src/first_pubsub/include/first_pubsub/logger_node.hpp:8:7:[m[K [01;36m[Knote: [m[Kprevious definition of â€˜[01m[Kclass LoggerNode[m[Kâ€™
[1.314s]     8 | class [01;36m[KLoggerNode[m[K : public rclcpp::Node
[1.314s]       |       [01;36m[K^~~~~~~~~~[m[K
[1.601s] [01m[K/home/azharanas17/setunggal_ws/src/first_pubsub/src/logger.cpp:17:7:[m[K [01;31m[Kerror: [m[Kredefinition of â€˜[01m[Kclass Logger[m[Kâ€™
[1.601s]    17 | class [01;31m[KLogger[m[K
[1.602s]       |       [01;31m[K^~~~~~[m[K
[1.602s] In file included from [01m[K/home/azharanas17/setunggal_ws/src/first_pubsub/src/logger.cpp:10[m[K:
[1.602s] [01m[K/home/azharanas17/setunggal_ws/src/first_pubsub/include/first_pubsub/logger.hpp:10:7:[m[K [01;36m[Knote: [m[Kprevious definition of â€˜[01m[Kclass Logger[m[Kâ€™
[1.602s]    10 | class [01;36m[KLogger[m[K
[1.602s]       |       [01;36m[K^~~~~~[m[K
[1.705s] make[2]: *** [CMakeFiles/first_pubsub.dir/build.make:63: CMakeFiles/first_pubsub.dir/src/logger_node.cpp.o] Error 1
[1.705s] make[2]: *** Waiting for unfinished jobs....
[2.367s] make[2]: *** [CMakeFiles/first_pubsub.dir/build.make:76: CMakeFiles/first_pubsub.dir/src/logger.cpp.o] Error 1
[2.368s] make[1]: *** [CMakeFiles/Makefile2:78: CMakeFiles/first_pubsub.dir/all] Error 2
[2.368s] make: *** [Makefile:141: all] Error 2
[2.382s] Invoked command in '/home/azharanas17/setunggal_ws/build/first_pubsub' returned '2': AMENT_PREFIX_PATH=/home/azharanas17/setunggal_ws/install/first_interfaces:${AMENT_PREFIX_PATH} CMAKE_PREFIX_PATH=/home/azharanas17/setunggal_ws/install/first_interfaces:/opt/ros/foxy LD_LIBRARY_PATH=/home/azharanas17/setunggal_ws/install/first_interfaces/lib:${LD_LIBRARY_PATH} PYTHONPATH=/home/azharanas17/setunggal_ws/install/first_interfaces/lib/python3.8/site-packages:${PYTHONPATH} /usr/bin/cmake --build /home/azharanas17/setunggal_ws/build/first_pubsub -- -j4 -l4
