[0.013s] Invoking command in '/home/azharanas17/setunggal_ws/build/first_pubsub': AMENT_PREFIX_PATH=/home/azharanas17/setunggal_ws/install/first_interfaces:${AMENT_PREFIX_PATH} CMAKE_PREFIX_PATH=/home/azharanas17/setunggal_ws/install/first_interfaces:/opt/ros/foxy LD_LIBRARY_PATH=/home/azharanas17/setunggal_ws/install/first_interfaces/lib:${LD_LIBRARY_PATH} PYTHONPATH=/home/azharanas17/setunggal_ws/install/first_interfaces/lib/python3.8/site-packages:${PYTHONPATH} /usr/bin/cmake --build /home/azharanas17/setunggal_ws/build/first_pubsub -- -j4 -l4
[0.048s] [35m[1mScanning dependencies of target first_pubsub[0m
[0.069s] [ 33%] [32mBuilding CXX object CMakeFiles/first_pubsub.dir/src/logger_pub_node.cpp.o[0m
[0.069s] [ 33%] [32mBuilding CXX object CMakeFiles/first_pubsub.dir/src/logger_sub_node.cpp.o[0m
[1.647s] [01m[K/home/azharanas17/setunggal_ws/src/first_pubsub/src/logger_pub_node.cpp:10:2:[m[K [01;31m[Kerror: [m[Kâ€˜[01m[KThis[m[Kâ€™ does not name a type
[1.648s]    10 |  [01;31m[KThis[m[K example creates a subclass of Node and uses std::bind() to register a
[1.648s]       |  [01;31m[K^~~~[m[K
[1.648s] [01m[K/home/azharanas17/setunggal_ws/src/first_pubsub/src/logger_pub_node.cpp:24:8:[m[K [01;31m[Kerror: [m[Kno declaration matches â€˜[01m[Kvoid LoggerPub::topic_callback(first_interfaces::msg::Log_<std::allocator<void> >::SharedPtr) const[m[Kâ€™
[1.648s]    24 |   void [01;31m[KLoggerPub[m[K::topic_callback(const first_interfaces::msg::Log::SharedPtr msg) const
[1.648s]       |        [01;31m[K^~~~~~~~~[m[K
[1.648s] [01m[K/home/azharanas17/setunggal_ws/src/first_pubsub/src/logger_pub_node.cpp:24:8:[m[K [01;36m[Knote: [m[Kno functions named â€˜[01m[Kvoid LoggerPub::topic_callback(first_interfaces::msg::Log_<std::allocator<void> >::SharedPtr) const[m[Kâ€™
[1.648s] In file included from [01m[K/home/azharanas17/setunggal_ws/src/first_pubsub/src/logger_pub_node.cpp:6[m[K:
[1.648s] [01m[K/home/azharanas17/setunggal_ws/src/first_pubsub/include/first_pubsub/logger_pub_node.hpp:7:7:[m[K [01;36m[Knote: [m[Kâ€˜[01m[Kclass LoggerPub[m[Kâ€™ defined here
[1.648s]     7 | class [01;36m[KLoggerPub[m[K : public rclcpp::Node
[1.648s]       |       [01;36m[K^~~~~~~~~[m[K
[1.671s] [01m[K/home/azharanas17/setunggal_ws/src/first_pubsub/src/logger_sub_node.cpp:[m[K In constructor â€˜[01m[KLoggerSub::LoggerSub()[m[Kâ€™:
[1.671s] [01m[K/home/azharanas17/setunggal_ws/src/first_pubsub/src/logger_sub_node.cpp:18:29:[m[K [01;31m[Kerror: [m[Kno matching function for call to â€˜[01m[KLogger::write_logger()[m[Kâ€™
[1.671s]    18 |         logger.write_logger([01;31m[K)[m[K;
[1.671s]       |                             [01;31m[K^[m[K
[1.671s] In file included from [01m[K/home/azharanas17/setunggal_ws/src/first_pubsub/src/logger_sub_node.cpp:4[m[K:
[1.671s] [01m[K/home/azharanas17/setunggal_ws/src/first_pubsub/include/first_pubsub/logger.hpp:10:14:[m[K [01;36m[Knote: [m[Kcandidate: â€˜[01m[Kvoid Logger::write_logger(first_interfaces::msg::Log_<std::allocator<void> >::SharedPtr) const[m[Kâ€™
[1.671s]    10 |         void [01;36m[Kwrite_logger[m[K(const first_interfaces::msg::Log::SharedPtr msg) const;
[1.672s]       |              [01;36m[K^~~~~~~~~~~~[m[K
[1.672s] [01m[K/home/azharanas17/setunggal_ws/src/first_pubsub/include/first_pubsub/logger.hpp:10:14:[m[K [01;36m[Knote: [m[K  candidate expects 1 argument, 0 provided
[1.968s] make[2]: *** [CMakeFiles/first_pubsub.dir/build.make:63: CMakeFiles/first_pubsub.dir/src/logger_pub_node.cpp.o] Error 1
[1.969s] make[2]: *** Waiting for unfinished jobs....
[2.736s] make[2]: *** [CMakeFiles/first_pubsub.dir/build.make:76: CMakeFiles/first_pubsub.dir/src/logger_sub_node.cpp.o] Error 1
[2.737s] make[1]: *** [CMakeFiles/Makefile2:107: CMakeFiles/first_pubsub.dir/all] Error 2
[2.737s] make: *** [Makefile:141: all] Error 2
[2.739s] Invoked command in '/home/azharanas17/setunggal_ws/build/first_pubsub' returned '2': AMENT_PREFIX_PATH=/home/azharanas17/setunggal_ws/install/first_interfaces:${AMENT_PREFIX_PATH} CMAKE_PREFIX_PATH=/home/azharanas17/setunggal_ws/install/first_interfaces:/opt/ros/foxy LD_LIBRARY_PATH=/home/azharanas17/setunggal_ws/install/first_interfaces/lib:${LD_LIBRARY_PATH} PYTHONPATH=/home/azharanas17/setunggal_ws/install/first_interfaces/lib/python3.8/site-packages:${PYTHONPATH} /usr/bin/cmake --build /home/azharanas17/setunggal_ws/build/first_pubsub -- -j4 -l4
