[0.011s] Invoking command in '/home/azharanas17/setunggal_ws/build/first_pubsub': AMENT_PREFIX_PATH=/home/azharanas17/setunggal_ws/install/first_interfaces:${AMENT_PREFIX_PATH} CMAKE_PREFIX_PATH=/home/azharanas17/setunggal_ws/install/first_interfaces:/opt/ros/foxy LD_LIBRARY_PATH=/home/azharanas17/setunggal_ws/install/first_interfaces/lib:${LD_LIBRARY_PATH} PYTHONPATH=/home/azharanas17/setunggal_ws/install/first_interfaces/lib/python3.8/site-packages:${PYTHONPATH} /usr/bin/cmake --build /home/azharanas17/setunggal_ws/build/first_pubsub -- -j4 -l4
[0.049s] [35m[1mScanning dependencies of target first_pubsub[0m
[0.072s] [ 33%] [32mBuilding CXX object CMakeFiles/first_pubsub.dir/src/logger_node.cpp.o[0m
[0.072s] [ 66%] [32mBuilding CXX object CMakeFiles/first_pubsub.dir/src/logger.cpp.o[0m
[1.258s] In file included from [01m[K/home/azharanas17/setunggal_ws/src/first_pubsub/src/logger_node.cpp:8[m[K:
[1.258s] [01m[K/home/azharanas17/setunggal_ws/src/first_pubsub/include/first_pubsub/logger_node.hpp:17:75:[m[K [01;31m[Kerror: [m[KISO C++ forbids declaration of â€˜[01m[Kwrite_logger[m[Kâ€™ with no type [[01;31m[K-fpermissive[m[K]
[1.258s]    17 | rite_logger(const first_interfaces::msg::Log::SharedPtr msg) [01;31m[Kconst[m[K;
[1.258s]       |                                                              [01;31m[K^~~~~[m[K
[1.258s] 
[1.259s] [01m[K/home/azharanas17/setunggal_ws/src/first_pubsub/include/first_pubsub/logger_node.hpp:17:75:[m[K [01;31m[Kerror: [m[Kcannot declare member function â€˜[01m[KLogger::write_logger[m[Kâ€™ within â€˜[01m[KLoggerNode[m[Kâ€™
[1.271s] [01m[K/home/azharanas17/setunggal_ws/src/first_pubsub/src/logger_node.cpp:12:7:[m[K [01;31m[Kerror: [m[Kredefinition of â€˜[01m[Kclass LoggerNode[m[Kâ€™
[1.271s]    12 | class [01;31m[KLoggerNode[m[K : public rclcpp::Node
[1.271s]       |       [01;31m[K^~~~~~~~~~[m[K
[1.271s] In file included from [01m[K/home/azharanas17/setunggal_ws/src/first_pubsub/src/logger_node.cpp:8[m[K:
[1.271s] [01m[K/home/azharanas17/setunggal_ws/src/first_pubsub/include/first_pubsub/logger_node.hpp:11:7:[m[K [01;36m[Knote: [m[Kprevious definition of â€˜[01m[Kclass LoggerNode[m[Kâ€™
[1.271s]    11 | class [01;36m[KLoggerNode[m[K : public rclcpp::Node
[1.271s]       |       [01;36m[K^~~~~~~~~~[m[K
[1.606s] [01m[K/home/azharanas17/setunggal_ws/src/first_pubsub/src/logger.cpp:20:7:[m[K [01;31m[Kerror: [m[Kredefinition of â€˜[01m[Kclass Logger[m[Kâ€™
[1.606s]    20 | class [01;31m[KLogger[m[K
[1.606s]       |       [01;31m[K^~~~~~[m[K
[1.606s] In file included from [01m[K/home/azharanas17/setunggal_ws/src/first_pubsub/src/logger.cpp:13[m[K:
[1.606s] [01m[K/home/azharanas17/setunggal_ws/src/first_pubsub/include/first_pubsub/logger.hpp:10:7:[m[K [01;36m[Knote: [m[Kprevious definition of â€˜[01m[Kclass Logger[m[Kâ€™
[1.606s]    10 | class [01;36m[KLogger[m[K
[1.606s]       |       [01;36m[K^~~~~~[m[K
[1.627s] make[2]: *** [CMakeFiles/first_pubsub.dir/build.make:63: CMakeFiles/first_pubsub.dir/src/logger_node.cpp.o] Error 1
[1.627s] make[2]: *** Waiting for unfinished jobs....
[2.406s] make[2]: *** [CMakeFiles/first_pubsub.dir/build.make:76: CMakeFiles/first_pubsub.dir/src/logger.cpp.o] Error 1
[2.406s] make[1]: *** [CMakeFiles/Makefile2:78: CMakeFiles/first_pubsub.dir/all] Error 2
[2.406s] make: *** [Makefile:141: all] Error 2
[2.409s] Invoked command in '/home/azharanas17/setunggal_ws/build/first_pubsub' returned '2': AMENT_PREFIX_PATH=/home/azharanas17/setunggal_ws/install/first_interfaces:${AMENT_PREFIX_PATH} CMAKE_PREFIX_PATH=/home/azharanas17/setunggal_ws/install/first_interfaces:/opt/ros/foxy LD_LIBRARY_PATH=/home/azharanas17/setunggal_ws/install/first_interfaces/lib:${LD_LIBRARY_PATH} PYTHONPATH=/home/azharanas17/setunggal_ws/install/first_interfaces/lib/python3.8/site-packages:${PYTHONPATH} /usr/bin/cmake --build /home/azharanas17/setunggal_ws/build/first_pubsub -- -j4 -l4
