[0.012s] Invoking command in '/home/azharanas17/setunggal_ws/build/first_pubsub': AMENT_PREFIX_PATH=/home/azharanas17/setunggal_ws/install/first_interfaces:${AMENT_PREFIX_PATH} CMAKE_PREFIX_PATH=/home/azharanas17/setunggal_ws/install/first_interfaces:/opt/ros/foxy LD_LIBRARY_PATH=/home/azharanas17/setunggal_ws/install/first_interfaces/lib:${LD_LIBRARY_PATH} PYTHONPATH=/home/azharanas17/setunggal_ws/install/first_interfaces/lib/python3.8/site-packages:${PYTHONPATH} /usr/bin/cmake --build /home/azharanas17/setunggal_ws/build/first_pubsub -- -j4 -l4
[0.042s] [35m[1mScanning dependencies of target first_pubsub[0m
[0.061s] [ 16%] [32mBuilding CXX object CMakeFiles/first_pubsub.dir/src/logger_pub_node.cpp.o[0m
[0.945s] [01m[K/home/azharanas17/setunggal_ws/src/first_pubsub/src/logger_pub_node.cpp:[m[K In constructor â€˜[01m[KLoggerPub::LoggerPub()[m[Kâ€™:
[0.945s] [01m[K/home/azharanas17/setunggal_ws/src/first_pubsub/src/logger_pub_node.cpp:17:9:[m[K [01;31m[Kerror: [m[Kno matching function for call to â€˜[01m[KLoggerPub::create_publisher<first_interfaces::msg::Log>(const char [6], int, std::_Bind_helper<false, void (LoggerPub::*)(std::shared_ptr<first_interfaces::msg::Log_<std::allocator<void> > >) const, LoggerPub*, const std::_Placeholder<1>&>::type)[m[Kâ€™
[0.945s]    17 |         [01;31m[K)[m[K;
[0.945s]       |         [01;31m[K^[m[K
[0.945s] In file included from [01m[K/opt/ros/foxy/include/rclcpp/executors/single_threaded_executor.hpp:28[m[K,
[0.945s]                  from [01m[K/opt/ros/foxy/include/rclcpp/executors.hpp:22[m[K,
[0.945s]                  from [01m[K/opt/ros/foxy/include/rclcpp/rclcpp.hpp:146[m[K,
[0.945s]                  from [01m[K/home/azharanas17/setunggal_ws/src/first_pubsub/src/logger_pub_node.cpp:2[m[K:
[0.945s] [01m[K/opt/ros/foxy/include/rclcpp/node.hpp:184:3:[m[K [01;36m[Knote: [m[Kcandidate: â€˜[01m[Ktemplate<class MessageT, class AllocatorT, class PublisherT> std::shared_ptr<PublisherT> rclcpp::Node::create_publisher(const string&, const rclcpp::QoS&, const rclcpp::PublisherOptionsWithAllocator<AllocatorT>&)[m[Kâ€™
[0.945s]   184 |   [01;36m[Kcreate_publisher[m[K(
[0.945s]       |   [01;36m[K^~~~~~~~~~~~~~~~[m[K
[0.945s] [01m[K/opt/ros/foxy/include/rclcpp/node.hpp:184:3:[m[K [01;36m[Knote: [m[K  template argument deduction/substitution failed:
[0.945s] [01m[K/home/azharanas17/setunggal_ws/src/first_pubsub/src/logger_pub_node.cpp:17:9:[m[K [01;36m[Knote: [m[K  â€˜[01m[Kstd::_Bind_helper<false, void (LoggerPub::*)(std::shared_ptr<first_interfaces::msg::Log_<std::allocator<void> > >) const, LoggerPub*, const std::_Placeholder<1>&>::type[m[Kâ€™ {aka â€˜[01m[Kstd::_Bind<void (LoggerPub::*(LoggerPub*, std::_Placeholder<1>))(std::shared_ptr<first_interfaces::msg::Log_<std::allocator<void> > >) const>[m[Kâ€™} is not derived from â€˜[01m[Kconst rclcpp::PublisherOptionsWithAllocator<AllocatorT>[m[Kâ€™
[0.945s]    17 |         [01;36m[K)[m[K;
[0.945s]       |         [01;36m[K^[m[K
[1.260s] make[2]: *** [CMakeFiles/first_pubsub.dir/build.make:63: CMakeFiles/first_pubsub.dir/src/logger_pub_node.cpp.o] Error 1
[1.260s] make[1]: *** [CMakeFiles/Makefile2:107: CMakeFiles/first_pubsub.dir/all] Error 2
[1.260s] make: *** [Makefile:141: all] Error 2
[1.262s] Invoked command in '/home/azharanas17/setunggal_ws/build/first_pubsub' returned '2': AMENT_PREFIX_PATH=/home/azharanas17/setunggal_ws/install/first_interfaces:${AMENT_PREFIX_PATH} CMAKE_PREFIX_PATH=/home/azharanas17/setunggal_ws/install/first_interfaces:/opt/ros/foxy LD_LIBRARY_PATH=/home/azharanas17/setunggal_ws/install/first_interfaces/lib:${LD_LIBRARY_PATH} PYTHONPATH=/home/azharanas17/setunggal_ws/install/first_interfaces/lib/python3.8/site-packages:${PYTHONPATH} /usr/bin/cmake --build /home/azharanas17/setunggal_ws/build/first_pubsub -- -j4 -l4
