[35m[1mScanning dependencies of target first_pubsub[0m
[ 16%] [32mBuilding CXX object CMakeFiles/first_pubsub.dir/src/logger_pub_node.cpp.o[0m
[01m[K/home/azharanas17/setunggal_ws/src/first_pubsub/src/logger_pub_node.cpp:[m[K In constructor â€˜[01m[KLoggerPub::LoggerPub()[m[Kâ€™:
[01m[K/home/azharanas17/setunggal_ws/src/first_pubsub/src/logger_pub_node.cpp:16:37:[m[K [01;31m[Kerror: [m[Kâ€˜[01m[KLoggerSub[m[Kâ€™ has not been declared
   16 |             "topic", 10, std::bind(&[01;31m[KLoggerSub[m[K::topic_callback, this, _1)
      |                                     [01;31m[K^~~~~~~~~[m[K
make[2]: *** [CMakeFiles/first_pubsub.dir/build.make:63: CMakeFiles/first_pubsub.dir/src/logger_pub_node.cpp.o] Error 1
make[1]: *** [CMakeFiles/Makefile2:107: CMakeFiles/first_pubsub.dir/all] Error 2
make: *** [Makefile:141: all] Error 2
