[0.008s] Invoking command in '/home/azharanas17/setunggal_ws/build/first_pubsub': AMENT_PREFIX_PATH=/home/azharanas17/setunggal_ws/install/first_interfaces:${AMENT_PREFIX_PATH} CMAKE_PREFIX_PATH=/home/azharanas17/setunggal_ws/install/first_interfaces:/opt/ros/foxy LD_LIBRARY_PATH=/home/azharanas17/setunggal_ws/install/first_interfaces/lib:${LD_LIBRARY_PATH} PYTHONPATH=/home/azharanas17/setunggal_ws/install/first_interfaces/lib/python3.8/site-packages:${PYTHONPATH} /usr/bin/cmake --build /home/azharanas17/setunggal_ws/build/first_pubsub -- -j4 -l4
[0.053s] [35m[1mScanning dependencies of target first_pubsub[0m
[0.072s] [ 33%] [32mBuilding CXX object CMakeFiles/first_pubsub.dir/src/logger_node.cpp.o[0m
[1.149s] [01m[K/home/azharanas17/setunggal_ws/src/first_pubsub/src/logger_node.cpp:[m[K In function â€˜[01m[Kint main(int, char**)[m[Kâ€™:
[1.149s] [01m[K/home/azharanas17/setunggal_ws/src/first_pubsub/src/logger_node.cpp:37:36:[m[K [01;31m[Kerror: [m[Kâ€˜[01m[KLogger[m[Kâ€™ was not declared in this scope; did you mean â€˜[01m[Krclcpp::Logger[m[Kâ€™?
[1.149s]    37 |     auto logger = std::make_shared<[01;31m[KLogger[m[K>();
[1.149s]       |                                    [01;31m[K^~~~~~[m[K
[1.149s]       |                                    [32m[Krclcpp::Logger[m[K
[1.149s] In file included from [01m[K/opt/ros/foxy/include/rclcpp/logging.hpp:23[m[K,
[1.149s]                  from [01m[K/opt/ros/foxy/include/rclcpp/service.hpp:34[m[K,
[1.149s]                  from [01m[K/opt/ros/foxy/include/rclcpp/callback_group.hpp:25[m[K,
[1.149s]                  from [01m[K/opt/ros/foxy/include/rclcpp/any_executable.hpp:20[m[K,
[1.149s]                  from [01m[K/opt/ros/foxy/include/rclcpp/memory_strategy.hpp:24[m[K,
[1.149s]                  from [01m[K/opt/ros/foxy/include/rclcpp/memory_strategies.hpp:18[m[K,
[1.149s]                  from [01m[K/opt/ros/foxy/include/rclcpp/executor_options.hpp:20[m[K,
[1.149s]                  from [01m[K/opt/ros/foxy/include/rclcpp/executor.hpp:33[m[K,
[1.149s]                  from [01m[K/opt/ros/foxy/include/rclcpp/executors/multi_threaded_executor.hpp:26[m[K,
[1.149s]                  from [01m[K/opt/ros/foxy/include/rclcpp/executors.hpp:21[m[K,
[1.149s]                  from [01m[K/opt/ros/foxy/include/rclcpp/rclcpp.hpp:146[m[K,
[1.149s]                  from [01m[K/home/azharanas17/setunggal_ws/src/first_pubsub/src/logger_node.cpp:6[m[K:
[1.149s] [01m[K/opt/ros/foxy/include/rclcpp/logger.hpp:77:7:[m[K [01;36m[Knote: [m[Kâ€˜[01m[Krclcpp::Logger[m[Kâ€™ declared here
[1.149s]    77 | class [01;36m[KLogger[m[K
[1.149s]       |       [01;36m[K^~~~~~[m[K
[1.149s] [01m[K/home/azharanas17/setunggal_ws/src/first_pubsub/src/logger_node.cpp:37:44:[m[K [01;31m[Kerror: [m[Kno matching function for call to â€˜[01m[Kmake_shared<<expression error> >()[m[Kâ€™
[1.150s]    37 |     auto logger = std::make_shared<Logger>([01;31m[K)[m[K;
[1.150s]       |                                            [01;31m[K^[m[K
[1.150s] In file included from [01m[K/usr/include/c++/9/memory:81[m[K,
[1.150s]                  from [01m[K/home/azharanas17/setunggal_ws/src/first_pubsub/src/logger_node.cpp:4[m[K:
[1.150s] [01m[K/usr/include/c++/9/bits/shared_ptr.h:714:5:[m[K [01;36m[Knote: [m[Kcandidate: â€˜[01m[Ktemplate<class _Tp, class ... _Args> std::shared_ptr<_Tp> std::make_shared(_Args&& ...)[m[Kâ€™
[1.150s]   714 |     [01;36m[Kmake_shared[m[K(_Args&&... __args)
[1.150s]       |     [01;36m[K^~~~~~~~~~~[m[K
[1.150s] [01m[K/usr/include/c++/9/bits/shared_ptr.h:714:5:[m[K [01;36m[Knote: [m[K  template argument deduction/substitution failed:
[1.150s] [01m[K/home/azharanas17/setunggal_ws/src/first_pubsub/src/logger_node.cpp:37:44:[m[K [01;31m[Kerror: [m[Ktemplate argument 1 is invalid
[1.150s]    37 |     auto logger = std::make_shared<Logger>([01;31m[K)[m[K;
[1.150s]       |                                            [01;31m[K^[m[K
[2.201s] make[2]: *** [CMakeFiles/first_pubsub.dir/build.make:63: CMakeFiles/first_pubsub.dir/src/logger_node.cpp.o] Error 1
[2.201s] make[1]: *** [CMakeFiles/Makefile2:78: CMakeFiles/first_pubsub.dir/all] Error 2
[2.201s] make: *** [Makefile:141: all] Error 2
[2.203s] Invoked command in '/home/azharanas17/setunggal_ws/build/first_pubsub' returned '2': AMENT_PREFIX_PATH=/home/azharanas17/setunggal_ws/install/first_interfaces:${AMENT_PREFIX_PATH} CMAKE_PREFIX_PATH=/home/azharanas17/setunggal_ws/install/first_interfaces:/opt/ros/foxy LD_LIBRARY_PATH=/home/azharanas17/setunggal_ws/install/first_interfaces/lib:${LD_LIBRARY_PATH} PYTHONPATH=/home/azharanas17/setunggal_ws/install/first_interfaces/lib/python3.8/site-packages:${PYTHONPATH} /usr/bin/cmake --build /home/azharanas17/setunggal_ws/build/first_pubsub -- -j4 -l4
