[35m[1mScanning dependencies of target first_pubsub[0m
[ 33%] [32mBuilding CXX object CMakeFiles/first_pubsub.dir/src/logger_sub_node.cpp.o[0m
[ 33%] [32mBuilding CXX object CMakeFiles/first_pubsub.dir/src/logger_pub_node.cpp.o[0m
[01m[K/home/azharanas17/setunggal_ws/src/first_pubsub/src/logger_pub_node.cpp:[m[K In constructor â€˜[01m[KLoggerPub::LoggerPub()[m[Kâ€™:
[01m[K/home/azharanas17/setunggal_ws/src/first_pubsub/src/logger_pub_node.cpp:14:48:[m[K [01;31m[Kerror: [m[Kâ€˜[01m[Ktopic_callback[m[Kâ€™ is not a member of â€˜[01m[KLoggerPub[m[Kâ€™
   14 |             "topic", 10, std::bind(&LoggerPub::[01;31m[Ktopic_callback[m[K, this, _1)
      |                                                [01;31m[K^~~~~~~~~~~~~~[m[K
[01m[K/home/azharanas17/setunggal_ws/src/first_pubsub/src/logger_pub_node.cpp:[m[K At global scope:
[01m[K/home/azharanas17/setunggal_ws/src/first_pubsub/src/logger_pub_node.cpp:20:8:[m[K [01;31m[Kerror: [m[Kno declaration matches â€˜[01m[Kvoid LoggerPub::topic_callback(first_interfaces::msg::Log_<std::allocator<void> >::SharedPtr) const[m[Kâ€™
   20 |   void [01;31m[KLoggerPub[m[K::topic_callback(const first_interfaces::msg::Log::SharedPtr msg) const
      |        [01;31m[K^~~~~~~~~[m[K
[01m[K/home/azharanas17/setunggal_ws/src/first_pubsub/src/logger_pub_node.cpp:20:8:[m[K [01;36m[Knote: [m[Kno functions named â€˜[01m[Kvoid LoggerPub::topic_callback(first_interfaces::msg::Log_<std::allocator<void> >::SharedPtr) const[m[Kâ€™
In file included from [01m[K/home/azharanas17/setunggal_ws/src/first_pubsub/src/logger_pub_node.cpp:6[m[K:
[01m[K/home/azharanas17/setunggal_ws/src/first_pubsub/include/first_pubsub/logger_pub_node.hpp:7:7:[m[K [01;36m[Knote: [m[Kâ€˜[01m[Kclass LoggerPub[m[Kâ€™ defined here
    7 | class [01;36m[KLoggerPub[m[K : public rclcpp::Node
      |       [01;36m[K^~~~~~~~~[m[K
make[2]: *** [CMakeFiles/first_pubsub.dir/build.make:63: CMakeFiles/first_pubsub.dir/src/logger_pub_node.cpp.o] Error 1
make[2]: *** Waiting for unfinished jobs....
make[1]: *** [CMakeFiles/Makefile2:107: CMakeFiles/first_pubsub.dir/all] Error 2
make: *** [Makefile:141: all] Error 2
