-- Found ament_cmake: 0.9.9 (/opt/ros/foxy/share/ament_cmake/cmake)
-- Using PYTHON_EXECUTABLE: /usr/bin/python3
-- Found rclcpp: 2.4.1 (/opt/ros/foxy/share/rclcpp/cmake)
-- Using all available rosidl_typesupport_c: rosidl_typesupport_fastrtps_c;rosidl_typesupport_introspection_c
-- Found rosidl_adapter: 1.2.1 (/opt/ros/foxy/share/rosidl_adapter/cmake)
-- Using all available rosidl_typesupport_cpp: rosidl_typesupport_fastrtps_cpp;rosidl_typesupport_introspection_cpp
-- Found rmw_implementation_cmake: 1.0.3 (/opt/ros/foxy/share/rmw_implementation_cmake/cmake)
-- Using RMW implementation 'rmw_fastrtps_cpp' as default
-- Found first_interfaces: 0.0.0 (/home/azharanas17/setunggal_ws/install/first_interfaces/share/first_interfaces/cmake)
-- Found first_pubsub: 0.0.0 (/home/azharanas17/setunggal_ws/install/first_pubsub/share/first_pubsub/cmake)
-- Found ament_lint_auto: 0.9.6 (/opt/ros/foxy/share/ament_lint_auto/cmake)
-- Added test 'copyright' to check source files copyright and LICENSE
-- Added test 'cppcheck' to perform static code analysis on C / C++ code
-- Configured cppcheck include dirs: $<BUILD_INTERFACE:/home/azharanas17/setunggal_ws/src/first_pubsub/include>
-- Configured cppcheck exclude dirs and/or files: 
-- Added test 'cpplint' to check C / C++ code against the Google style
-- Configured cpplint exclude dirs and/or files: 
-- Added test 'lint_cmake' to check CMake code style
-- Added test 'uncrustify' to check C / C++ code style
-- Configured uncrustify additional arguments: 
-- Added test 'xmllint' to check XML markup files
-- Configuring done
-- Generating done
-- Build files have been written to: /home/azharanas17/setunggal_ws/build/first_pubsub
[35m[1mScanning dependencies of target first_pubsub[0m
[ 33%] [32mBuilding CXX object CMakeFiles/first_pubsub.dir/src/logger_pub_node.cpp.o[0m
[ 33%] [32mBuilding CXX object CMakeFiles/first_pubsub.dir/src/logger_sub_node.cpp.o[0m
[01m[K/home/azharanas17/setunggal_ws/src/first_pubsub/src/logger_pub_node.cpp:[m[K In constructor â€˜[01m[KLoggerPub::LoggerPub()[m[Kâ€™:
[01m[K/home/azharanas17/setunggal_ws/src/first_pubsub/src/logger_pub_node.cpp:14:48:[m[K [01;31m[Kerror: [m[Kâ€˜[01m[Ktopic_callback[m[Kâ€™ is not a member of â€˜[01m[KLoggerPub[m[Kâ€™
   14 |             "topic", 10, std::bind(&LoggerPub::[01;31m[Ktopic_callback[m[K, this, _1)
      |                                                [01;31m[K^~~~~~~~~~~~~~[m[K
[01m[K/home/azharanas17/setunggal_ws/src/first_pubsub/src/logger_pub_node.cpp:[m[K At global scope:
[01m[K/home/azharanas17/setunggal_ws/src/first_pubsub/src/logger_pub_node.cpp:20:8:[m[K [01;31m[Kerror: [m[Kno declaration matches â€˜[01m[Kvoid LoggerPub::topic_callback(first_interfaces::msg::Log_<std::allocator<void> >::SharedPtr) const[m[Kâ€™
   20 |   void [01;31m[KLoggerPub[m[K::topic_callback(const first_interfaces::msg::Log::SharedPtr msg) const
      |        [01;31m[K^~~~~~~~~[m[K
[01m[K/home/azharanas17/setunggal_ws/src/first_pubsub/src/logger_pub_node.cpp:20:8:[m[K [01;36m[Knote: [m[Kno functions named â€˜[01m[Kvoid LoggerPub::topic_callback(first_interfaces::msg::Log_<std::allocator<void> >::SharedPtr) const[m[Kâ€™
In file included from [01m[K/home/azharanas17/setunggal_ws/src/first_pubsub/src/logger_pub_node.cpp:6[m[K:
[01m[K/home/azharanas17/setunggal_ws/src/first_pubsub/include/first_pubsub/logger_pub_node.hpp:7:7:[m[K [01;36m[Knote: [m[Kâ€˜[01m[Kclass LoggerPub[m[Kâ€™ defined here
    7 | class [01;36m[KLoggerPub[m[K : public rclcpp::Node
      |       [01;36m[K^~~~~~~~~[m[K
[01m[K/home/azharanas17/setunggal_ws/src/first_pubsub/src/logger_sub_node.cpp:[m[K In constructor â€˜[01m[KLoggerSub::LoggerSub()[m[Kâ€™:
[01m[K/home/azharanas17/setunggal_ws/src/first_pubsub/src/logger_sub_node.cpp:18:29:[m[K [01;31m[Kerror: [m[Kno matching function for call to â€˜[01m[KLogger::write_logger()[m[Kâ€™
   18 |         logger.write_logger([01;31m[K)[m[K;
      |                             [01;31m[K^[m[K
In file included from [01m[K/home/azharanas17/setunggal_ws/src/first_pubsub/src/logger_sub_node.cpp:4[m[K:
[01m[K/home/azharanas17/setunggal_ws/src/first_pubsub/include/first_pubsub/logger.hpp:10:14:[m[K [01;36m[Knote: [m[Kcandidate: â€˜[01m[Kvoid Logger::write_logger(first_interfaces::msg::Log_<std::allocator<void> >::SharedPtr) const[m[Kâ€™
   10 |         void [01;36m[Kwrite_logger[m[K(const first_interfaces::msg::Log::SharedPtr msg) const;
      |              [01;36m[K^~~~~~~~~~~~[m[K
[01m[K/home/azharanas17/setunggal_ws/src/first_pubsub/include/first_pubsub/logger.hpp:10:14:[m[K [01;36m[Knote: [m[K  candidate expects 1 argument, 0 provided
make[2]: *** [CMakeFiles/first_pubsub.dir/build.make:63: CMakeFiles/first_pubsub.dir/src/logger_pub_node.cpp.o] Error 1
make[2]: *** Waiting for unfinished jobs....
make[2]: *** [CMakeFiles/first_pubsub.dir/build.make:76: CMakeFiles/first_pubsub.dir/src/logger_sub_node.cpp.o] Error 1
make[1]: *** [CMakeFiles/Makefile2:107: CMakeFiles/first_pubsub.dir/all] Error 2
make: *** [Makefile:141: all] Error 2
