[35m[1mScanning dependencies of target first_pubsub[0m
[ 14%] [32mBuilding CXX object CMakeFiles/first_pubsub.dir/src/logger_sub_node.cpp.o[0m
[01m[K/home/azharanas17/setunggal_ws/src/first_pubsub/src/logger_sub_node.cpp:[m[K In member function â€˜[01m[Kvoid LoggerSub::filter_log(first_interfaces::msg::Log_<std::allocator<void> >::SharedPtr) const[m[Kâ€™:
[01m[K/home/azharanas17/setunggal_ws/src/first_pubsub/src/logger_sub_node.cpp:32:32:[m[K [01;31m[Kerror: [m[Kcannot convert â€˜[01m[Kfirst_interfaces::msg::Log_<std::allocator<void> >::_level_type[m[Kâ€™ {aka â€˜[01m[Kstd::__cxx11::basic_string<char>[m[Kâ€™} to â€˜[01m[KLoggerSub::filter_log(first_interfaces::msg::Log_<std::allocator<void> >::SharedPtr) const::level[m[Kâ€™ in initialization
   32 |         level level_log = [01;31m[Kmsg->level[m[K;
      |                           [01;31m[K~~~~~^~~~~[m[K
      |                                [01;31m[K|[m[K
      |                                [01;31m[Kfirst_interfaces::msg::Log_<std::allocator<void> >::_level_type {aka std::__cxx11::basic_string<char>}[m[K
[01m[K/home/azharanas17/setunggal_ws/src/first_pubsub/src/logger_sub_node.cpp:[m[K In member function â€˜[01m[Kvoid LoggerSub::topic_callback(first_interfaces::msg::Log_<std::allocator<void> >::SharedPtr) const[m[Kâ€™:
[01m[K/home/azharanas17/setunggal_ws/src/first_pubsub/src/logger_sub_node.cpp:64:31:[m[K [01;31m[Kerror: [m[Kno matching function for call to â€˜[01m[KLoggerSub::filter_log() const[m[Kâ€™
   64 |         LoggerSub::filter_log([01;31m[K)[m[K;
      |                               [01;31m[K^[m[K
[01m[K/home/azharanas17/setunggal_ws/src/first_pubsub/src/logger_sub_node.cpp:29:10:[m[K [01;36m[Knote: [m[Kcandidate: â€˜[01m[Kvoid LoggerSub::filter_log(first_interfaces::msg::Log_<std::allocator<void> >::SharedPtr) const[m[Kâ€™
   29 |     void [01;36m[KLoggerSub[m[K::filter_log(const first_interfaces::msg::Log::SharedPtr msg) const
      |          [01;36m[K^~~~~~~~~[m[K
[01m[K/home/azharanas17/setunggal_ws/src/first_pubsub/src/logger_sub_node.cpp:29:10:[m[K [01;36m[Knote: [m[K  candidate expects 1 argument, 0 provided
make[2]: *** [CMakeFiles/first_pubsub.dir/build.make:76: CMakeFiles/first_pubsub.dir/src/logger_sub_node.cpp.o] Error 1
make[1]: *** [CMakeFiles/Makefile2:136: CMakeFiles/first_pubsub.dir/all] Error 2
make: *** [Makefile:141: all] Error 2
