[0.007s] Invoking command in '/home/azharanas17/setunggal_ws/build/first_pubsub': AMENT_PREFIX_PATH=/home/azharanas17/setunggal_ws/install/first_interfaces:${AMENT_PREFIX_PATH} CMAKE_PREFIX_PATH=/home/azharanas17/setunggal_ws/install/first_interfaces:/opt/ros/foxy LD_LIBRARY_PATH=/home/azharanas17/setunggal_ws/install/first_interfaces/lib:${LD_LIBRARY_PATH} PYTHONPATH=/home/azharanas17/setunggal_ws/install/first_interfaces/lib/python3.8/site-packages:${PYTHONPATH} /usr/bin/cmake --build /home/azharanas17/setunggal_ws/build/first_pubsub -- -j4 -l4
[0.039s] [35m[1mScanning dependencies of target first_pubsub[0m
[0.057s] [ 33%] [32mBuilding CXX object CMakeFiles/first_pubsub.dir/src/logger.cpp.o[0m
[1.094s] [01m[K/home/azharanas17/setunggal_ws/src/first_pubsub/src/logger.cpp:[m[K In member function â€˜[01m[Kvoid Logger::write_logger(first_interfaces::msg::Log_<std::allocator<void> >::SharedPtr) const[m[Kâ€™:
[1.094s] [01m[K/home/azharanas17/setunggal_ws/src/first_pubsub/src/logger.cpp:39:35:[m[K [01;31m[Kerror: [m[Kâ€˜[01m[Kusing element_type = struct first_interfaces::msg::Log_<std::allocator<void> >[m[Kâ€™ {aka â€˜[01m[Kstruct first_interfaces::msg::Log_<std::allocator<void> >[m[Kâ€™} has no member named â€˜[01m[Ktime[m[Kâ€™
[1.094s]    39 |                     {"time", msg->[01;31m[Ktime[m[K}
[1.094s]       |                                   [01;31m[K^~~~[m[K
[1.101s] [01m[K/home/azharanas17/setunggal_ws/src/first_pubsub/src/logger.cpp:40:17:[m[K [01;31m[Kerror: [m[Kcould not convert â€˜[01m[K{{"message_log", ((const std::__shared_ptr_access<first_interfaces::msg::Log_<std::allocator<void> >, __gnu_cxx::_S_atomic, false, false>*)(& msg))->std::__shared_ptr_access<first_interfaces::msg::Log_<std::allocator<void> >, __gnu_cxx::_S_atomic, false, false>::operator->()->first_interfaces::msg::Log_<std::allocator<void> >::message_log}, {"level", ((const std::__shared_ptr_access<first_interfaces::msg::Log_<std::allocator<void> >, __gnu_cxx::_S_atomic, false, false>*)(& msg))->std::__shared_ptr_access<first_interfaces::msg::Log_<std::allocator<void> >, __gnu_cxx::_S_atomic, false, false>::operator->()->first_interfaces::msg::Log_<std::allocator<void> >::level}, {"time", <expression error>}}[m[Kâ€™ from â€˜[01m[K<brace-enclosed initializer list>[m[Kâ€™ to â€˜[01m[Kjson[m[Kâ€™ {aka â€˜[01m[Knlohmann::basic_json<>[m[Kâ€™}
[1.101s]    40 |                 [01;31m[K}[m[K;
[1.101s]       |                 [01;31m[K^[m[K
[1.101s]       |                 [01;31m[K|[m[K
[1.101s]       |                 [01;31m[K<brace-enclosed initializer list>[m[K
[1.102s] [01m[K/home/azharanas17/setunggal_ws/src/first_pubsub/src/logger.cpp:48:20:[m[K [01;31m[Kerror: [m[Kreturn-statement with a value, in function returning â€˜[01m[Kvoid[m[Kâ€™ [[01;31m[K-fpermissive[m[K]
[1.102s]    48 |             return [01;31m[K0[m[K;
[1.102s]       |                    [01;31m[K^[m[K
[1.801s] make[2]: *** [CMakeFiles/first_pubsub.dir/build.make:76: CMakeFiles/first_pubsub.dir/src/logger.cpp.o] Error 1
[1.801s] make[1]: *** [CMakeFiles/Makefile2:78: CMakeFiles/first_pubsub.dir/all] Error 2
[1.801s] make: *** [Makefile:141: all] Error 2
[1.803s] Invoked command in '/home/azharanas17/setunggal_ws/build/first_pubsub' returned '2': AMENT_PREFIX_PATH=/home/azharanas17/setunggal_ws/install/first_interfaces:${AMENT_PREFIX_PATH} CMAKE_PREFIX_PATH=/home/azharanas17/setunggal_ws/install/first_interfaces:/opt/ros/foxy LD_LIBRARY_PATH=/home/azharanas17/setunggal_ws/install/first_interfaces/lib:${LD_LIBRARY_PATH} PYTHONPATH=/home/azharanas17/setunggal_ws/install/first_interfaces/lib/python3.8/site-packages:${PYTHONPATH} /usr/bin/cmake --build /home/azharanas17/setunggal_ws/build/first_pubsub -- -j4 -l4
