[0.011s] Invoking command in '/home/azharanas17/setunggal_ws/build/first_pubsub': AMENT_PREFIX_PATH=/home/azharanas17/setunggal_ws/install/first_interfaces:${AMENT_PREFIX_PATH} CMAKE_PREFIX_PATH=/home/azharanas17/setunggal_ws/install/first_interfaces:/opt/ros/foxy LD_LIBRARY_PATH=/home/azharanas17/setunggal_ws/install/first_interfaces/lib:${LD_LIBRARY_PATH} PYTHONPATH=/home/azharanas17/setunggal_ws/install/first_interfaces/lib/python3.8/site-packages:${PYTHONPATH} /usr/bin/cmake --build /home/azharanas17/setunggal_ws/build/first_pubsub -- -j4 -l4
[0.050s] [35m[1mScanning dependencies of target first_pubsub[0m
[0.075s] [ 33%] [32mBuilding CXX object CMakeFiles/first_pubsub.dir/src/logger_node.cpp.o[0m
[0.076s] [ 66%] [32mBuilding CXX object CMakeFiles/first_pubsub.dir/src/logger.cpp.o[0m
[1.517s] [01m[K/home/azharanas17/setunggal_ws/src/first_pubsub/src/logger_node.cpp:32:5:[m[K [01;31m[Kerror: [m[Kâ€˜[01m[KLogger[m[Kâ€™ does not name a type; did you mean â€˜[01m[KLoggerNode[m[Kâ€™?
[1.517s]    32 |     [01;31m[KLogger[m[K logger.write_logger();
[1.517s]       |     [01;31m[K^~~~~~[m[K
[1.517s]       |     [32m[KLoggerNode[m[K
[1.559s] [01m[K/home/azharanas17/setunggal_ws/src/first_pubsub/src/logger_node.cpp:[m[K In function â€˜[01m[Kint main(int, char**)[m[Kâ€™:
[1.559s] [01m[K/home/azharanas17/setunggal_ws/src/first_pubsub/src/logger_node.cpp:38:5:[m[K [01;31m[Kerror: [m[Kâ€˜[01m[KLogger[m[Kâ€™ was not declared in this scope; did you mean â€˜[01m[Krclcpp::Logger[m[Kâ€™?
[1.559s]    38 |     [01;31m[KLogger[m[K logger;
[1.559s]       |     [01;31m[K^~~~~~[m[K
[1.559s]       |     [32m[Krclcpp::Logger[m[K
[1.559s] In file included from [01m[K/opt/ros/foxy/include/rclcpp/logging.hpp:23[m[K,
[1.560s]                  from [01m[K/opt/ros/foxy/include/rclcpp/service.hpp:34[m[K,
[1.560s]                  from [01m[K/opt/ros/foxy/include/rclcpp/callback_group.hpp:25[m[K,
[1.560s]                  from [01m[K/opt/ros/foxy/include/rclcpp/any_executable.hpp:20[m[K,
[1.560s]                  from [01m[K/opt/ros/foxy/include/rclcpp/memory_strategy.hpp:24[m[K,
[1.560s]                  from [01m[K/opt/ros/foxy/include/rclcpp/memory_strategies.hpp:18[m[K,
[1.560s]                  from [01m[K/opt/ros/foxy/include/rclcpp/executor_options.hpp:20[m[K,
[1.560s]                  from [01m[K/opt/ros/foxy/include/rclcpp/executor.hpp:33[m[K,
[1.560s]                  from [01m[K/opt/ros/foxy/include/rclcpp/executors/multi_threaded_executor.hpp:26[m[K,
[1.561s]                  from [01m[K/opt/ros/foxy/include/rclcpp/executors.hpp:21[m[K,
[1.561s]                  from [01m[K/opt/ros/foxy/include/rclcpp/rclcpp.hpp:146[m[K,
[1.561s]                  from [01m[K/home/azharanas17/setunggal_ws/src/first_pubsub/src/logger_node.cpp:6[m[K:
[1.561s] [01m[K/opt/ros/foxy/include/rclcpp/logger.hpp:77:7:[m[K [01;36m[Knote: [m[Kâ€˜[01m[Krclcpp::Logger[m[Kâ€™ declared here
[1.561s]    77 | class [01;36m[KLogger[m[K
[1.561s]       |       [01;36m[K^~~~~~[m[K
[1.856s] [01m[K/home/azharanas17/setunggal_ws/src/first_pubsub/src/logger.cpp:[m[K In member function â€˜[01m[Kvoid Logger::write_logger(first_interfaces::msg::Log_<std::allocator<void> >::SharedPtr) const[m[Kâ€™:
[1.856s] [01m[K/home/azharanas17/setunggal_ws/src/first_pubsub/src/logger.cpp:39:35:[m[K [01;31m[Kerror: [m[Kâ€˜[01m[Kusing element_type = struct first_interfaces::msg::Log_<std::allocator<void> >[m[Kâ€™ {aka â€˜[01m[Kstruct first_interfaces::msg::Log_<std::allocator<void> >[m[Kâ€™} has no member named â€˜[01m[Ktime[m[Kâ€™
[1.856s]    39 |                     {"time", msg->[01;31m[Ktime[m[K}
[1.856s]       |                                   [01;31m[K^~~~[m[K
[1.872s] [01m[K/home/azharanas17/setunggal_ws/src/first_pubsub/src/logger.cpp:40:17:[m[K [01;31m[Kerror: [m[Kcould not convert â€˜[01m[K{{"message_log", ((const std::__shared_ptr_access<first_interfaces::msg::Log_<std::allocator<void> >, __gnu_cxx::_S_atomic, false, false>*)(& msg))->std::__shared_ptr_access<first_interfaces::msg::Log_<std::allocator<void> >, __gnu_cxx::_S_atomic, false, false>::operator->()->first_interfaces::msg::Log_<std::allocator<void> >::message_log}, {"level", ((const std::__shared_ptr_access<first_interfaces::msg::Log_<std::allocator<void> >, __gnu_cxx::_S_atomic, false, false>*)(& msg))->std::__shared_ptr_access<first_interfaces::msg::Log_<std::allocator<void> >, __gnu_cxx::_S_atomic, false, false>::operator->()->first_interfaces::msg::Log_<std::allocator<void> >::level}, {"time", <expression error>}}[m[Kâ€™ from â€˜[01m[K<brace-enclosed initializer list>[m[Kâ€™ to â€˜[01m[Kjson[m[Kâ€™ {aka â€˜[01m[Knlohmann::basic_json<>[m[Kâ€™}
[1.872s]    40 |                 [01;31m[K}[m[K;
[1.872s]       |                 [01;31m[K^[m[K
[1.872s]       |                 [01;31m[K|[m[K
[1.872s]       |                 [01;31m[K<brace-enclosed initializer list>[m[K
[1.874s] [01m[K/home/azharanas17/setunggal_ws/src/first_pubsub/src/logger.cpp:48:20:[m[K [01;31m[Kerror: [m[Kreturn-statement with a value, in function returning â€˜[01m[Kvoid[m[Kâ€™ [[01;31m[K-fpermissive[m[K]
[1.874s]    48 |             return [01;31m[K0[m[K;
[1.874s]       |                    [01;31m[K^[m[K
[3.196s] make[2]: *** [CMakeFiles/first_pubsub.dir/build.make:76: CMakeFiles/first_pubsub.dir/src/logger.cpp.o] Error 1
[3.196s] make[2]: *** Waiting for unfinished jobs....
[3.378s] make[2]: *** [CMakeFiles/first_pubsub.dir/build.make:63: CMakeFiles/first_pubsub.dir/src/logger_node.cpp.o] Error 1
[3.378s] make[1]: *** [CMakeFiles/Makefile2:78: CMakeFiles/first_pubsub.dir/all] Error 2
[3.378s] make: *** [Makefile:141: all] Error 2
[3.381s] Invoked command in '/home/azharanas17/setunggal_ws/build/first_pubsub' returned '2': AMENT_PREFIX_PATH=/home/azharanas17/setunggal_ws/install/first_interfaces:${AMENT_PREFIX_PATH} CMAKE_PREFIX_PATH=/home/azharanas17/setunggal_ws/install/first_interfaces:/opt/ros/foxy LD_LIBRARY_PATH=/home/azharanas17/setunggal_ws/install/first_interfaces/lib:${LD_LIBRARY_PATH} PYTHONPATH=/home/azharanas17/setunggal_ws/install/first_interfaces/lib/python3.8/site-packages:${PYTHONPATH} /usr/bin/cmake --build /home/azharanas17/setunggal_ws/build/first_pubsub -- -j4 -l4
