[0.015s] Invoking command in '/home/azharanas17/setunggal_ws/build/first_pubsub': AMENT_PREFIX_PATH=/home/azharanas17/setunggal_ws/install/first_interfaces:${AMENT_PREFIX_PATH} CMAKE_PREFIX_PATH=/home/azharanas17/setunggal_ws/install/first_interfaces:/opt/ros/foxy LD_LIBRARY_PATH=/home/azharanas17/setunggal_ws/install/first_interfaces/lib:${LD_LIBRARY_PATH} PYTHONPATH=/home/azharanas17/setunggal_ws/install/first_interfaces/lib/python3.8/site-packages:${PYTHONPATH} /usr/bin/cmake --build /home/azharanas17/setunggal_ws/build/first_pubsub -- -j4 -l4
[0.054s] [35m[1mScanning dependencies of target first_pubsub[0m
[0.076s] [ 33%] [32mBuilding CXX object CMakeFiles/first_pubsub.dir/src/logger_pub_node.cpp.o[0m
[0.076s] [ 33%] [32mBuilding CXX object CMakeFiles/first_pubsub.dir/src/logger_sub_node.cpp.o[0m
[1.787s] [01m[K/home/azharanas17/setunggal_ws/src/first_pubsub/src/logger_sub_node.cpp:[m[K In constructor â€˜[01m[KLoggerSub::LoggerSub()[m[Kâ€™:
[1.944s] [01m[K/home/azharanas17/setunggal_ws/src/first_pubsub/src/logger_sub_node.cpp:18:29:[m[K [01;31m[Kerror: [m[Kno matching function for call to â€˜[01m[KLogger::write_logger()[m[Kâ€™
[1.944s]    18 |         logger.write_logger([01;31m[K)[m[K;
[1.944s]       |                             [01;31m[K^[m[K
[1.945s] [01m[K/home/azharanas17/setunggal_ws/src/first_pubsub/src/logger_pub_node.cpp:[m[K In member function â€˜[01m[Kvoid LoggerPub::timer_callback()[m[Kâ€™:
[1.945s] [01m[K/home/azharanas17/setunggal_ws/src/first_pubsub/src/logger_pub_node.cpp:22:13:[m[K [01;31m[Kerror: [m[Kâ€˜[01m[Kstruct first_interfaces::msg::Log_<std::allocator<void> >[m[Kâ€™ has no member named â€˜[01m[Knum[m[Kâ€™
[1.945s]    22 |     message.[01;31m[Knum[m[K = this->count_++;                                        // CHANGE
[1.945s]       |             [01;31m[K^~~[m[K
[1.945s] In file included from [01m[K/opt/ros/foxy/include/rclcpp/client.hpp:40[m[K,
[1.945s]                  from [01m[K/opt/ros/foxy/include/rclcpp/callback_group.hpp:23[m[K,
[1.945s]                  from [01m[K/opt/ros/foxy/include/rclcpp/any_executable.hpp:20[m[K,
[1.945s]                  from [01m[K/opt/ros/foxy/include/rclcpp/memory_strategy.hpp:24[m[K,
[1.945s]                  from [01m[K/opt/ros/foxy/include/rclcpp/memory_strategies.hpp:18[m[K,
[1.945s]                  from [01m[K/opt/ros/foxy/include/rclcpp/executor_options.hpp:20[m[K,
[1.945s]                  from [01m[K/opt/ros/foxy/include/rclcpp/executor.hpp:33[m[K,
[1.945s]                  from [01m[K/opt/ros/foxy/include/rclcpp/executors/multi_threaded_executor.hpp:26[m[K,
[1.945s]                  from [01m[K/opt/ros/foxy/include/rclcpp/executors.hpp:21[m[K,
[1.945s]                  from [01m[K/opt/ros/foxy/include/rclcpp/rclcpp.hpp:146[m[K,
[1.945s]                  from [01m[K/home/azharanas17/setunggal_ws/src/first_pubsub/src/logger_pub_node.cpp:4[m[K:
[1.946s] [01m[K/home/azharanas17/setunggal_ws/src/first_pubsub/src/logger_pub_node.cpp:23:65:[m[K [01;31m[Kerror: [m[Kâ€˜[01m[Kstruct first_interfaces::msg::Log_<std::allocator<void> >[m[Kâ€™ has no member named â€˜[01m[Knum[m[Kâ€™
[1.946s]    23 |  RCLCPP_INFO(this->get_logger(), "Publishing: '%d'", message.[01;31m[Knum[m[K);    // CHANGE
[1.946s]       |                                                              [01;31m[K^~~[m[K
[1.946s] 
[1.946s] In file included from [01m[K/home/azharanas17/setunggal_ws/src/first_pubsub/src/logger_sub_node.cpp:4[m[K:
[1.946s] [01m[K/home/azharanas17/setunggal_ws/src/first_pubsub/include/first_pubsub/logger.hpp:10:14:[m[K [01;36m[Knote: [m[Kcandidate: â€˜[01m[Kvoid Logger::write_logger(first_interfaces::msg::Log_<std::allocator<void> >::SharedPtr) const[m[Kâ€™
[1.946s]    10 |         void [01;36m[Kwrite_logger[m[K(const first_interfaces::msg::Log::SharedPtr msg) const;
[1.946s]       |              [01;36m[K^~~~~~~~~~~~[m[K
[1.946s] [01m[K/home/azharanas17/setunggal_ws/src/first_pubsub/include/first_pubsub/logger.hpp:10:14:[m[K [01;36m[Knote: [m[K  candidate expects 1 argument, 0 provided
[2.450s] make[2]: *** [CMakeFiles/first_pubsub.dir/build.make:63: CMakeFiles/first_pubsub.dir/src/logger_pub_node.cpp.o] Error 1
[2.450s] make[2]: *** Waiting for unfinished jobs....
[3.020s] make[2]: *** [CMakeFiles/first_pubsub.dir/build.make:76: CMakeFiles/first_pubsub.dir/src/logger_sub_node.cpp.o] Error 1
[3.020s] make[1]: *** [CMakeFiles/Makefile2:107: CMakeFiles/first_pubsub.dir/all] Error 2
[3.020s] make: *** [Makefile:141: all] Error 2
[3.023s] Invoked command in '/home/azharanas17/setunggal_ws/build/first_pubsub' returned '2': AMENT_PREFIX_PATH=/home/azharanas17/setunggal_ws/install/first_interfaces:${AMENT_PREFIX_PATH} CMAKE_PREFIX_PATH=/home/azharanas17/setunggal_ws/install/first_interfaces:/opt/ros/foxy LD_LIBRARY_PATH=/home/azharanas17/setunggal_ws/install/first_interfaces/lib:${LD_LIBRARY_PATH} PYTHONPATH=/home/azharanas17/setunggal_ws/install/first_interfaces/lib/python3.8/site-packages:${PYTHONPATH} /usr/bin/cmake --build /home/azharanas17/setunggal_ws/build/first_pubsub -- -j4 -l4
