[0.007s] Invoking command in '/home/azharanas17/setunggal_ws/build/first_pubsub': AMENT_PREFIX_PATH=/home/azharanas17/setunggal_ws/install/first_interfaces:${AMENT_PREFIX_PATH} CMAKE_PREFIX_PATH=/home/azharanas17/setunggal_ws/install/first_interfaces:/opt/ros/foxy LD_LIBRARY_PATH=/home/azharanas17/setunggal_ws/install/first_interfaces/lib:${LD_LIBRARY_PATH} PYTHONPATH=/home/azharanas17/setunggal_ws/install/first_interfaces/lib/python3.8/site-packages:${PYTHONPATH} /usr/bin/cmake --build /home/azharanas17/setunggal_ws/build/first_pubsub -- -j4 -l4
[0.040s] [35m[1mScanning dependencies of target first_pubsub[0m
[0.065s] [ 33%] [32mBuilding CXX object CMakeFiles/first_pubsub.dir/src/logger_node.cpp.o[0m
[0.065s] [ 66%] [32mBuilding CXX object CMakeFiles/first_pubsub.dir/src/logger.cpp.o[0m
[1.527s] [01m[K/home/azharanas17/setunggal_ws/src/first_pubsub/src/logger_node.cpp:33:5:[m[K [01;31m[Kerror: [m[Kâ€˜[01m[KLogger[m[Kâ€™ does not name a type; did you mean â€˜[01m[KLoggerNode[m[Kâ€™?
[1.527s]    33 |     [01;31m[KLogger[m[K logger;
[1.527s]       |     [01;31m[K^~~~~~[m[K
[1.527s]       |     [32m[KLoggerNode[m[K
[1.528s] [01m[K/home/azharanas17/setunggal_ws/src/first_pubsub/src/logger_node.cpp:34:5:[m[K [01;31m[Kerror: [m[Kâ€˜[01m[Klogger[m[Kâ€™ does not name a type
[1.528s]    34 |     [01;31m[Klogger[m[K.write_logger();
[1.528s]       |     [01;31m[K^~~~~~[m[K
[2.807s] make[2]: *** [CMakeFiles/first_pubsub.dir/build.make:63: CMakeFiles/first_pubsub.dir/src/logger_node.cpp.o] Error 1
[2.808s] make[1]: *** [CMakeFiles/Makefile2:78: CMakeFiles/first_pubsub.dir/all] Error 2
[2.808s] make: *** [Makefile:141: all] Error 2
[2.810s] Invoked command in '/home/azharanas17/setunggal_ws/build/first_pubsub' returned '2': AMENT_PREFIX_PATH=/home/azharanas17/setunggal_ws/install/first_interfaces:${AMENT_PREFIX_PATH} CMAKE_PREFIX_PATH=/home/azharanas17/setunggal_ws/install/first_interfaces:/opt/ros/foxy LD_LIBRARY_PATH=/home/azharanas17/setunggal_ws/install/first_interfaces/lib:${LD_LIBRARY_PATH} PYTHONPATH=/home/azharanas17/setunggal_ws/install/first_interfaces/lib/python3.8/site-packages:${PYTHONPATH} /usr/bin/cmake --build /home/azharanas17/setunggal_ws/build/first_pubsub -- -j4 -l4
