[35m[1mScanning dependencies of target first_pubsub[0m
[ 33%] [32mBuilding CXX object CMakeFiles/first_pubsub.dir/src/logger.cpp.o[0m
[ 66%] [32mBuilding CXX object CMakeFiles/first_pubsub.dir/src/logger_node.cpp.o[0m
In file included from [01m[K/home/azharanas17/setunggal_ws/src/first_pubsub/src/logger_node.cpp:8[m[K:
[01m[K/home/azharanas17/setunggal_ws/src/first_pubsub/include/first_pubsub/logger_node.hpp:17:75:[m[K [01;31m[Kerror: [m[KISO C++ forbids declaration of â€˜[01m[Kwrite_logger[m[Kâ€™ with no type [[01;31m[K-fpermissive[m[K]
   17 | rite_logger(const first_interfaces::msg::Log::SharedPtr msg) [01;31m[Kconst[m[K;
      |                                                              [01;31m[K^~~~~[m[K

[01m[K/home/azharanas17/setunggal_ws/src/first_pubsub/include/first_pubsub/logger_node.hpp:17:75:[m[K [01;31m[Kerror: [m[Kcannot declare member function â€˜[01m[KLogger::write_logger[m[Kâ€™ within â€˜[01m[KLoggerNode[m[Kâ€™
[01m[K/home/azharanas17/setunggal_ws/src/first_pubsub/src/logger_node.cpp:12:7:[m[K [01;31m[Kerror: [m[Kredefinition of â€˜[01m[Kclass LoggerNode[m[Kâ€™
   12 | class [01;31m[KLoggerNode[m[K : public rclcpp::Node
      |       [01;31m[K^~~~~~~~~~[m[K
In file included from [01m[K/home/azharanas17/setunggal_ws/src/first_pubsub/src/logger_node.cpp:8[m[K:
[01m[K/home/azharanas17/setunggal_ws/src/first_pubsub/include/first_pubsub/logger_node.hpp:11:7:[m[K [01;36m[Knote: [m[Kprevious definition of â€˜[01m[Kclass LoggerNode[m[Kâ€™
   11 | class [01;36m[KLoggerNode[m[K : public rclcpp::Node
      |       [01;36m[K^~~~~~~~~~[m[K
[01m[K/home/azharanas17/setunggal_ws/src/first_pubsub/src/logger.cpp:20:7:[m[K [01;31m[Kerror: [m[Kredefinition of â€˜[01m[Kclass Logger[m[Kâ€™
   20 | class [01;31m[KLogger[m[K
      |       [01;31m[K^~~~~~[m[K
In file included from [01m[K/home/azharanas17/setunggal_ws/src/first_pubsub/src/logger.cpp:13[m[K:
[01m[K/home/azharanas17/setunggal_ws/src/first_pubsub/include/first_pubsub/logger.hpp:10:7:[m[K [01;36m[Knote: [m[Kprevious definition of â€˜[01m[Kclass Logger[m[Kâ€™
   10 | class [01;36m[KLogger[m[K
      |       [01;36m[K^~~~~~[m[K
make[2]: *** [CMakeFiles/first_pubsub.dir/build.make:63: CMakeFiles/first_pubsub.dir/src/logger_node.cpp.o] Error 1
make[2]: *** Waiting for unfinished jobs....
make[2]: *** [CMakeFiles/first_pubsub.dir/build.make:76: CMakeFiles/first_pubsub.dir/src/logger.cpp.o] Error 1
make[1]: *** [CMakeFiles/Makefile2:78: CMakeFiles/first_pubsub.dir/all] Error 2
make: *** [Makefile:141: all] Error 2
