[35m[1mScanning dependencies of target first_pubsub[0m
[ 16%] [32mBuilding CXX object CMakeFiles/first_pubsub.dir/src/logger_pub_node.cpp.o[0m
In file included from [01m[K/opt/ros/foxy/include/rclcpp/context.hpp:19[m[K,
                 from [01m[K/opt/ros/foxy/include/rclcpp/contexts/default_context.hpp:18[m[K,
                 from [01m[K/opt/ros/foxy/include/rclcpp/executor.hpp:32[m[K,
                 from [01m[K/opt/ros/foxy/include/rclcpp/executors/multi_threaded_executor.hpp:26[m[K,
                 from [01m[K/opt/ros/foxy/include/rclcpp/executors.hpp:21[m[K,
                 from [01m[K/opt/ros/foxy/include/rclcpp/rclcpp.hpp:146[m[K,
                 from [01m[K/home/azharanas17/setunggal_ws/src/first_pubsub/src/logger_pub_node.cpp:2[m[K:
/usr/include/c++/9/functional: In instantiation of â€˜[01m[Kstruct std::_Bind_check_arity<void (LoggerPub::*)(std::shared_ptr<first_interfaces::msg::Log_<std::allocator<void> > >) const, LoggerPub*>[m[Kâ€™:
[01m[K/usr/include/c++/9/functional:787:12:[m[K   required from â€˜[01m[Kstruct std::_Bind_helper<false, void (LoggerPub::*)(std::shared_ptr<first_interfaces::msg::Log_<std::allocator<void> > >) const, LoggerPub*>[m[Kâ€™
[01m[K/usr/include/c++/9/functional:808:5:[m[K   required by substitution of â€˜[01m[Ktemplate<class _Func, class ... _BoundArgs> typename std::_Bind_helper<std::__is_socketlike<_Func>::value, _Func, _BoundArgs ...>::type std::bind(_Func&&, _BoundArgs&& ...) [with _Func = void (LoggerPub::*)(std::shared_ptr<first_interfaces::msg::Log_<std::allocator<void> > >) const; _BoundArgs = {LoggerPub*}][m[Kâ€™
[01m[K/home/azharanas17/setunggal_ws/src/first_pubsub/src/logger_pub_node.cpp:17:56:[m[K   required from here
[01m[K/usr/include/c++/9/functional:775:7:[m[K [01;31m[Kerror: [m[Kstatic assertion failed: Wrong number of arguments for pointer-to-member
  774 |       static_assert(_Varargs::[01;31m[Kvalue[m[K
      |                               [01;31m[K~~~~~[m[K
  775 | [01;31m[K      ? sizeof...(_BoundArgs) >= _Arity::value + 1[m[K
      |       [01;31m[K^~~~~~~~~~~~~~~~~~~~~~~~~~~~~~~~~~~~~~~~~~~~[m[K
  776 | [01;31m[K      : sizeof...(_BoundArgs) == _Arity::value + 1[m[K,
      |       [01;31m[K~~~~~~~~~~~~~~~~~~~~~~~~~~~~~~~~~~~~~~~~~~~~[m[K
[01m[K/home/azharanas17/setunggal_ws/src/first_pubsub/src/logger_pub_node.cpp:[m[K In constructor â€˜[01m[KLoggerPub::LoggerPub()[m[Kâ€™:
[01m[K/home/azharanas17/setunggal_ws/src/first_pubsub/src/logger_pub_node.cpp:17:57:[m[K [01;31m[Kerror: [m[Kno matching function for call to â€˜[01m[KLoggerPub::create_wall_timer(std::chrono::milliseconds, std::_Bind_helper<false, void (LoggerPub::*)(std::shared_ptr<first_interfaces::msg::Log_<std::allocator<void> > >) const, LoggerPub*>::type)[m[Kâ€™
   17 |       500ms, std::bind(&LoggerPub::timer_callback, this)[01;31m[K)[m[K;
      |                                                         [01;31m[K^[m[K
In file included from [01m[K/opt/ros/foxy/include/rclcpp/executors/single_threaded_executor.hpp:28[m[K,
                 from [01m[K/opt/ros/foxy/include/rclcpp/executors.hpp:22[m[K,
                 from [01m[K/opt/ros/foxy/include/rclcpp/rclcpp.hpp:146[m[K,
                 from [01m[K/home/azharanas17/setunggal_ws/src/first_pubsub/src/logger_pub_node.cpp:2[m[K:
[01m[K/opt/ros/foxy/include/rclcpp/node.hpp:232:3:[m[K [01;36m[Knote: [m[Kcandidate: â€˜[01m[Ktemplate<class DurationRepT, class DurationT, class CallbackT> typename rclcpp::WallTimer<CallbackT>::SharedPtr rclcpp::Node::create_wall_timer(std::chrono::duration<_Rep1, _Period1>, CallbackT, rclcpp::CallbackGroup::SharedPtr)[m[Kâ€™
  232 |   [01;36m[Kcreate_wall_timer[m[K(
      |   [01;36m[K^~~~~~~~~~~~~~~~~[m[K
[01m[K/opt/ros/foxy/include/rclcpp/node.hpp:232:3:[m[K [01;36m[Knote: [m[K  template argument deduction/substitution failed:
In file included from [01m[K/opt/ros/foxy/include/rclcpp/node.hpp:1224[m[K,
                 from [01m[K/opt/ros/foxy/include/rclcpp/executors/single_threaded_executor.hpp:28[m[K,
                 from [01m[K/opt/ros/foxy/include/rclcpp/executors.hpp:22[m[K,
                 from [01m[K/opt/ros/foxy/include/rclcpp/rclcpp.hpp:146[m[K,
                 from [01m[K/home/azharanas17/setunggal_ws/src/first_pubsub/src/logger_pub_node.cpp:2[m[K:
/opt/ros/foxy/include/rclcpp/node_impl.hpp: In substitution of â€˜[01m[Ktemplate<class DurationRepT, class DurationT, class CallbackT> typename rclcpp::WallTimer<CallbackT>::SharedPtr rclcpp::Node::create_wall_timer(std::chrono::duration<_Rep1, _Period1>, CallbackT, rclcpp::CallbackGroup::SharedPtr) [with DurationRepT = long int; DurationT = std::ratio<1, 1000>; CallbackT = std::_Bind<void (LoggerPub::*(LoggerPub*))(std::shared_ptr<first_interfaces::msg::Log_<std::allocator<void> > >) const>][m[Kâ€™:
[01m[K/home/azharanas17/setunggal_ws/src/first_pubsub/src/logger_pub_node.cpp:17:57:[m[K   required from here
[01m[K/opt/ros/foxy/include/rclcpp/node_impl.hpp:109:1:[m[K [01;31m[Kerror: [m[Kno type named â€˜[01m[Ktype[m[Kâ€™ in â€˜[01m[Kstruct std::enable_if<false, void>[m[Kâ€™
  109 | [01;31m[KNode[m[K::create_wall_timer(
      | [01;31m[K^~~~[m[K
[01m[K/opt/ros/foxy/include/rclcpp/node_impl.hpp:109:1:[m[K [01;31m[Kerror: [m[Kno type named â€˜[01m[Ktype[m[Kâ€™ in â€˜[01m[Kstruct std::enable_if<false, void>[m[Kâ€™
[01m[K/opt/ros/foxy/include/rclcpp/node_impl.hpp:109:1:[m[K [01;36m[Knote: [m[Kinvalid template non-type parameter
make[2]: *** [CMakeFiles/first_pubsub.dir/build.make:63: CMakeFiles/first_pubsub.dir/src/logger_pub_node.cpp.o] Error 1
make[1]: *** [CMakeFiles/Makefile2:107: CMakeFiles/first_pubsub.dir/all] Error 2
make: *** [Makefile:141: all] Error 2
